src/controllers/base_controller.ts(9,29): error TS2304: Cannot find name 'I'.
src/controllers/base_controller.ts(9,32): error TS2304: Cannot find name 'A'.
src/controllers/base_controller.ts(10,41): error TS2304: Cannot find name 'I'.
src/controllers/base_controller.ts(10,44): error TS2304: Cannot find name 'A'.
src/controllers/breed_controller.ts(70,51): error TS2531: Object is possibly 'null'.
src/controllers/cage_controller.ts(44,44): error TS2531: Object is possibly 'null'.
src/controllers/cage_controller.ts(45,44): error TS2531: Object is possibly 'null'.
src/controllers/cage_controller.ts(46,47): error TS2531: Object is possibly 'null'.
src/controllers/cage_controller.ts(92,15): error TS6133: 'foo' is declared but its value is never read.
src/controllers/mouse_controller.ts(54,29): error TS2531: Object is possibly 'null'.
src/controllers/mouse_controller.ts(74,60): error TS2531: Object is possibly 'null'.
src/controllers/mouse_controller.ts(75,57): error TS2531: Object is possibly 'null'.
src/controllers/mouse_controller.ts(76,67): error TS2531: Object is possibly 'null'.
src/controllers/mouse_controller.ts(77,63): error TS2531: Object is possibly 'null'.
src/controllers/mouse_controller.ts(79,44): error TS2531: Object is possibly 'null'.
src/controllers/mouse_controller.ts(80,42): error TS2531: Object is possibly 'null'.
src/controllers/mouse_controller.ts(86,62): error TS2531: Object is possibly 'null'.
src/controllers/mouse_controller.ts(87,68): error TS2531: Object is possibly 'null'.
src/controllers/mouse_controller.ts(138,30): error TS2531: Object is possibly 'null'.
src/controllers/utils_controller.ts(28,42): error TS6133: 'key' is declared but its value is never read.
src/index.ts(9,7): error TS6133: 'favicon' is declared but its value is never read.
src/index.ts(58,7): error TS6133: 'helpers' is declared but its value is never read.
src/index.ts(84,15): error TS6133: 'request' is declared but its value is never read.
src/index.ts(90,10): error TS6133: 'req' is declared but its value is never read.
src/index.ts(90,24): error TS6133: 'res' is declared but its value is never read.
src/index.ts(100,24): error TS6133: 'req' is declared but its value is never read.
src/index.ts(111,19): error TS6133: 'req' is declared but its value is never read.
src/routes/breed_routes.ts(18,18): error TS6133: 'req' is declared but its value is never read.
src/routes/breed_routes.ts(39,24): error TS6133: 'req' is declared but its value is never read.
src/routes/cage_routes.ts(16,18): error TS6133: 'req' is declared but its value is never read.
src/routes/cage_routes.ts(30,24): error TS6133: 'req' is declared but its value is never read.
src/routes/mouse_routes.ts(38,18): error TS6133: 'req' is declared but its value is never read.
src/routes/mouse_routes.ts(84,24): error TS6133: 'req' is declared but its value is never read.
src/routes/utils_routes.ts(19,46): error TS6133: 'key' is declared but its value is never read.
